<?xml version="1.0" encoding="UTF-8"?>
<testng-results skipped="0" failed="0" total="1" passed="1">
  <reporter-output>
  </reporter-output>
  <suite name="Default suite" duration-ms="22262" started-at="2019-06-02T02:50:02Z" finished-at="2019-06-02T02:50:24Z">
    <groups>
    </groups>
    <test name="Default test" duration-ms="22262" started-at="2019-06-02T02:50:02Z" finished-at="2019-06-02T02:50:24Z">
      <class name="seleniumPrograms.TestNGsample">
        <test-method status="PASS" signature="beforeMethod()[pri:0, instance:seleniumPrograms.TestNGsample@1f03bb1]" name="beforeMethod" is-config="true" duration-ms="17" started-at="2019-06-02T08:20:02Z" finished-at="2019-06-02T08:20:02Z">
          <reporter-output>
          </reporter-output>
        </test-method> <!-- beforeMethod -->
        <test-method status="PASS" signature="myTestMethod()[pri:0, instance:seleniumPrograms.TestNGsample@1f03bb1]" name="myTestMethod" duration-ms="22222" started-at="2019-06-02T08:20:02Z" finished-at="2019-06-02T08:20:24Z">
          <reporter-output>
          </reporter-output>
        </test-method> <!-- myTestMethod -->
      </class> <!-- seleniumPrograms.TestNGsample -->
    </test> <!-- Default test -->
  </suite> <!-- Default suite -->
</testng-results>
