<?xml version="1.0" encoding="UTF-8"?>
<testng-results skipped="0" failed="0" total="1" passed="1">
  <reporter-output>
  </reporter-output>
  <suite name="Default suite" duration-ms="38" started-at="2019-06-23T01:44:44Z" finished-at="2019-06-23T01:44:44Z">
    <groups>
    </groups>
    <test name="Default test" duration-ms="38" started-at="2019-06-23T01:44:44Z" finished-at="2019-06-23T01:44:44Z">
      <class name="titleTest.PopupAlertsCheck">
        <test-method status="PASS" signature="popupcheck()[pri:0, instance:titleTest.PopupAlertsCheck@1e7a66b]" name="popupcheck" duration-ms="18" started-at="2019-06-23T07:14:44Z" finished-at="2019-06-23T07:14:44Z">
          <reporter-output>
          </reporter-output>
        </test-method> <!-- popupcheck -->
      </class> <!-- titleTest.PopupAlertsCheck -->
    </test> <!-- Default test -->
  </suite> <!-- Default suite -->
</testng-results>
