<?xml version="1.0" encoding="UTF-8"?>
<testng-results skipped="0" failed="0" total="1" passed="1">
  <reporter-output>
  </reporter-output>
  <suite name="Default suite" duration-ms="10920" started-at="2019-06-22T09:20:24Z" finished-at="2019-06-22T09:20:35Z">
    <groups>
    </groups>
    <test name="Default test" duration-ms="10920" started-at="2019-06-22T09:20:24Z" finished-at="2019-06-22T09:20:35Z">
      <class name="titleTest.WindowTitleTest">
        <test-method status="PASS" signature="windowTitleTest()[pri:0, instance:titleTest.WindowTitleTest@13b6d03]" name="windowTitleTest" duration-ms="10889" started-at="2019-06-22T14:50:24Z" finished-at="2019-06-22T14:50:35Z">
          <reporter-output>
          </reporter-output>
        </test-method> <!-- windowTitleTest -->
      </class> <!-- titleTest.WindowTitleTest -->
    </test> <!-- Default test -->
  </suite> <!-- Default suite -->
</testng-results>
